<?xml version="1.0" encoding="UTF-8"?>
<!-- Generated by org.testng.reporters.JUnitReportReporter -->
<testsuite skipped="0" hostname="DESKTOP-TBTFELJ" name="com.textexecution.Runclass" tests="2" failures="0" timestamp="10 May 2019 08:36:50 GMT" time="26.944" errors="0">
  <testcase name="mainexecution" time="18.594" classname="com.textexecution.Runclass"/>
  <testcase name="leave" time="8.350" classname="com.textexecution.Runclass"/>
</testsuite> <!-- com.textexecution.Runclass -->
